#! /c/Source/iverilog-install/bin/vvp
:ivl_version "12.0 (devel)" "(s20150603-1539-g2693dd32b)";
:ivl_delay_selection "TYPICAL";
:vpi_time_precision + 0;
:vpi_module "D:\iverilog\lib\ivl\system.vpi";
:vpi_module "D:\iverilog\lib\ivl\vhdl_sys.vpi";
:vpi_module "D:\iverilog\lib\ivl\vhdl_textio.vpi";
:vpi_module "D:\iverilog\lib\ivl\v2005_math.vpi";
:vpi_module "D:\iverilog\lib\ivl\va_math.vpi";
S_000002abf172a390 .scope module, "TEST_GCD" "TEST_GCD" 2 154;
 .timescale 0 0;
v000002abf163ea00_0 .net "EQ", 0 0, v000002abf163ca50_0;  1 drivers
v000002abf163df60_0 .net "GT", 0 0, v000002abf163cd70_0;  1 drivers
v000002abf163e000_0 .net "LT", 0 0, v000002abf163edc0_0;  1 drivers
v000002abf163d4c0_0 .net "LdA", 0 0, v000002abf172a520_0;  1 drivers
v000002abf163e640_0 .net "LdB", 0 0, v000002abf15c1570_0;  1 drivers
v000002abf163d380_0 .var "clk", 0 0;
v000002abf163d240_0 .var "data_in", 15 0;
v000002abf163eb40_0 .net "done", 0 0, v000002abf172e450_0;  1 drivers
v000002abf163efa0_0 .net "sel1", 0 0, v000002abf172e4f0_0;  1 drivers
v000002abf163e6e0_0 .net "sel2", 0 0, v000002abf172e590_0;  1 drivers
v000002abf163d1a0_0 .net "sel_in", 0 0, v000002abf163c0f0_0;  1 drivers
v000002abf163d6a0_0 .var "start", 0 0;
E_000002abf15b7e40 .event anyedge, v000002abf15cea30_0;
S_000002abf15ce670 .scope module, "CTR" "gcd_controller" 2 162, 2 71 0, S_000002abf172a390;
 .timescale 0 0;
    .port_info 0 /OUTPUT 1 "LdA";
    .port_info 1 /OUTPUT 1 "LdB";
    .port_info 2 /OUTPUT 1 "sel1";
    .port_info 3 /OUTPUT 1 "sel2";
    .port_info 4 /OUTPUT 1 "sel_in";
    .port_info 5 /OUTPUT 1 "done";
    .port_info 6 /INPUT 1 "LT";
    .port_info 7 /INPUT 1 "GT";
    .port_info 8 /INPUT 1 "EQ";
    .port_info 9 /INPUT 16 "data_in";
    .port_info 10 /INPUT 1 "start";
    .port_info 11 /INPUT 1 "clk";
P_000002abf15ce800 .param/l "s0" 0 2 76, C4<000>;
P_000002abf15ce838 .param/l "s1" 0 2 76, C4<001>;
P_000002abf15ce870 .param/l "s2" 0 2 76, C4<010>;
P_000002abf15ce8a8 .param/l "s3" 0 2 76, C4<011>;
P_000002abf15ce8e0 .param/l "s4" 0 2 76, C4<100>;
P_000002abf15ce918 .param/l "s5" 0 2 76, C4<101>;
v000002abf15bd530_0 .net "EQ", 0 0, v000002abf163ca50_0;  alias, 1 drivers
v000002abf15bcc80_0 .net "GT", 0 0, v000002abf163cd70_0;  alias, 1 drivers
v000002abf15bf1c0_0 .net "LT", 0 0, v000002abf163edc0_0;  alias, 1 drivers
v000002abf172a520_0 .var "LdA", 0 0;
v000002abf15c1570_0 .var "LdB", 0 0;
v000002abf15cea30_0 .net "clk", 0 0, v000002abf163d380_0;  1 drivers
v000002abf172e3b0_0 .net "data_in", 15 0, v000002abf163d240_0;  1 drivers
v000002abf172e450_0 .var "done", 0 0;
v000002abf172e4f0_0 .var "sel1", 0 0;
v000002abf172e590_0 .var "sel2", 0 0;
v000002abf163c0f0_0 .var "sel_in", 0 0;
v000002abf163ce10_0 .net "start", 0 0, v000002abf163d6a0_0;  1 drivers
v000002abf163cff0_0 .var "state", 2 0;
E_000002abf15b7dc0 .event posedge, v000002abf15cea30_0;
S_000002abf172e630 .scope module, "DP" "gcd_datapath" 2 161, 2 1 0, S_000002abf172a390;
 .timescale 0 0;
    .port_info 0 /OUTPUT 1 "LT";
    .port_info 1 /OUTPUT 1 "GT";
    .port_info 2 /OUTPUT 1 "EQ";
    .port_info 3 /INPUT 1 "LdA";
    .port_info 4 /INPUT 1 "LdB";
    .port_info 5 /INPUT 1 "sel1";
    .port_info 6 /INPUT 1 "sel2";
    .port_info 7 /INPUT 1 "sel_in";
    .port_info 8 /INPUT 16 "data_in";
    .port_info 9 /INPUT 1 "clk";
v000002abf163e460_0 .net "Aout", 15 0, v000002abf163c230_0;  1 drivers
v000002abf163ed20_0 .net "Bout", 15 0, v000002abf163cb90_0;  1 drivers
v000002abf163e320_0 .net "EQ", 0 0, v000002abf163ca50_0;  alias, 1 drivers
v000002abf163e8c0_0 .net "GT", 0 0, v000002abf163cd70_0;  alias, 1 drivers
v000002abf163eaa0_0 .net "LT", 0 0, v000002abf163edc0_0;  alias, 1 drivers
v000002abf163dec0_0 .net "LdA", 0 0, v000002abf172a520_0;  alias, 1 drivers
v000002abf163e960_0 .net "LdB", 0 0, v000002abf15c1570_0;  alias, 1 drivers
v000002abf163d880_0 .net "X", 15 0, v000002abf163c9b0_0;  1 drivers
v000002abf163e1e0_0 .net "Y", 15 0, v000002abf163cf50_0;  1 drivers
v000002abf163dc40_0 .net "bus", 15 0, v000002abf163c690_0;  1 drivers
v000002abf163e280_0 .net "clk", 0 0, v000002abf163d380_0;  alias, 1 drivers
v000002abf163de20_0 .net "data_in", 15 0, v000002abf163d240_0;  alias, 1 drivers
v000002abf163ee60_0 .net "sel1", 0 0, v000002abf172e4f0_0;  alias, 1 drivers
v000002abf163e3c0_0 .net "sel2", 0 0, v000002abf172e590_0;  alias, 1 drivers
v000002abf163db00_0 .net "sel_in", 0 0, v000002abf163c0f0_0;  alias, 1 drivers
v000002abf163ef00_0 .net "sub_out", 15 0, v000002abf163dba0_0;  1 drivers
S_000002abf15cb930 .scope module, "A" "pipo1" 2 9, 2 18 0, S_000002abf172e630;
 .timescale 0 0;
    .port_info 0 /OUTPUT 16 "Dout";
    .port_info 1 /INPUT 16 "Din";
    .port_info 2 /INPUT 1 "ld";
    .port_info 3 /INPUT 1 "clk";
v000002abf163cc30_0 .net "Din", 15 0, v000002abf163c690_0;  alias, 1 drivers
v000002abf163c230_0 .var "Dout", 15 0;
v000002abf163c2d0_0 .net "clk", 0 0, v000002abf163d380_0;  alias, 1 drivers
v000002abf163c190_0 .net "ld", 0 0, v000002abf172a520_0;  alias, 1 drivers
S_000002abf15cbac0 .scope module, "B" "pipo1" 2 10, 2 18 0, S_000002abf172e630;
 .timescale 0 0;
    .port_info 0 /OUTPUT 16 "Dout";
    .port_info 1 /INPUT 16 "Din";
    .port_info 2 /INPUT 1 "ld";
    .port_info 3 /INPUT 1 "clk";
v000002abf163c370_0 .net "Din", 15 0, v000002abf163c690_0;  alias, 1 drivers
v000002abf163cb90_0 .var "Dout", 15 0;
v000002abf163caf0_0 .net "clk", 0 0, v000002abf163d380_0;  alias, 1 drivers
v000002abf163c410_0 .net "ld", 0 0, v000002abf15c1570_0;  alias, 1 drivers
S_000002abf15cef40 .scope module, "M1" "mux1" 2 12, 2 51 0, S_000002abf172e630;
 .timescale 0 0;
    .port_info 0 /OUTPUT 16 "Dout";
    .port_info 1 /INPUT 16 "in1";
    .port_info 2 /INPUT 16 "in2";
    .port_info 3 /INPUT 1 "sel";
v000002abf163c9b0_0 .var "Dout", 15 0;
v000002abf163c4b0_0 .net "in1", 15 0, v000002abf163c230_0;  alias, 1 drivers
v000002abf163ceb0_0 .net "in2", 15 0, v000002abf163cb90_0;  alias, 1 drivers
v000002abf163c5f0_0 .net "sel", 0 0, v000002abf172e4f0_0;  alias, 1 drivers
E_000002abf15b7940 .event anyedge, v000002abf172e4f0_0, v000002abf163cb90_0, v000002abf163c230_0;
S_000002abf15cf0d0 .scope module, "M2" "mux1" 2 13, 2 51 0, S_000002abf172e630;
 .timescale 0 0;
    .port_info 0 /OUTPUT 16 "Dout";
    .port_info 1 /INPUT 16 "in1";
    .port_info 2 /INPUT 16 "in2";
    .port_info 3 /INPUT 1 "sel";
v000002abf163cf50_0 .var "Dout", 15 0;
v000002abf163c550_0 .net "in1", 15 0, v000002abf163c230_0;  alias, 1 drivers
v000002abf163c870_0 .net "in2", 15 0, v000002abf163cb90_0;  alias, 1 drivers
v000002abf163ccd0_0 .net "sel", 0 0, v000002abf172e590_0;  alias, 1 drivers
E_000002abf15b8180 .event anyedge, v000002abf172e590_0, v000002abf163cb90_0, v000002abf163c230_0;
S_000002abf15c97d0 .scope module, "M3" "mux1" 2 15, 2 51 0, S_000002abf172e630;
 .timescale 0 0;
    .port_info 0 /OUTPUT 16 "Dout";
    .port_info 1 /INPUT 16 "in1";
    .port_info 2 /INPUT 16 "in2";
    .port_info 3 /INPUT 1 "sel";
v000002abf163c690_0 .var "Dout", 15 0;
v000002abf163c730_0 .net "in1", 15 0, v000002abf163dba0_0;  alias, 1 drivers
v000002abf163c7d0_0 .net "in2", 15 0, v000002abf163d240_0;  alias, 1 drivers
v000002abf163c910_0 .net "sel", 0 0, v000002abf163c0f0_0;  alias, 1 drivers
E_000002abf15b8280 .event anyedge, v000002abf163c0f0_0, v000002abf172e3b0_0, v000002abf163c730_0;
S_000002abf15c9960 .scope module, "cmp" "comp" 2 11, 2 28 0, S_000002abf172e630;
 .timescale 0 0;
    .port_info 0 /OUTPUT 1 "lt";
    .port_info 1 /OUTPUT 1 "gt";
    .port_info 2 /OUTPUT 1 "eq";
    .port_info 3 /INPUT 16 "in1";
    .port_info 4 /INPUT 16 "in2";
v000002abf163ca50_0 .var "eq", 0 0;
v000002abf163cd70_0 .var "gt", 0 0;
v000002abf163e5a0_0 .net "in1", 15 0, v000002abf163c230_0;  alias, 1 drivers
v000002abf163e500_0 .net "in2", 15 0, v000002abf163cb90_0;  alias, 1 drivers
v000002abf163edc0_0 .var "lt", 0 0;
E_000002abf15b7ec0 .event anyedge, v000002abf163c230_0, v000002abf163cb90_0;
S_000002abf15c4160 .scope module, "sub" "subtractor" 2 14, 2 62 0, S_000002abf172e630;
 .timescale 0 0;
    .port_info 0 /OUTPUT 16 "out";
    .port_info 1 /INPUT 16 "X";
    .port_info 2 /INPUT 16 "Y";
v000002abf163d600_0 .net "X", 15 0, v000002abf163c9b0_0;  alias, 1 drivers
v000002abf163d100_0 .net "Y", 15 0, v000002abf163cf50_0;  alias, 1 drivers
v000002abf163dba0_0 .var "out", 15 0;
E_000002abf15b7f40 .event anyedge, v000002abf163c9b0_0, v000002abf163cf50_0;
    .scope S_000002abf15cb930;
T_0 ;
    %wait E_000002abf15b7dc0;
    %load/vec4 v000002abf163c190_0;
    %flag_set/vec4 8;
    %jmp/0xz  T_0.0, 8;
    %load/vec4 v000002abf163cc30_0;
    %assign/vec4 v000002abf163c230_0, 0;
T_0.0 ;
    %jmp T_0;
    .thread T_0;
    .scope S_000002abf15cbac0;
T_1 ;
    %wait E_000002abf15b7dc0;
    %load/vec4 v000002abf163c410_0;
    %flag_set/vec4 8;
    %jmp/0xz  T_1.0, 8;
    %load/vec4 v000002abf163c370_0;
    %assign/vec4 v000002abf163cb90_0, 0;
T_1.0 ;
    %jmp T_1;
    .thread T_1;
    .scope S_000002abf15c9960;
T_2 ;
    %wait E_000002abf15b7ec0;
    %load/vec4 v000002abf163e5a0_0;
    %load/vec4 v000002abf163e500_0;
    %cmp/u;
    %jmp/0xz  T_2.0, 5;
    %pushi/vec4 1, 0, 1;
    %assign/vec4 v000002abf163edc0_0, 0;
    %pushi/vec4 0, 0, 1;
    %assign/vec4 v000002abf163cd70_0, 0;
    %pushi/vec4 0, 0, 1;
    %assign/vec4 v000002abf163ca50_0, 0;
    %jmp T_2.1;
T_2.0 ;
    %load/vec4 v000002abf163e500_0;
    %load/vec4 v000002abf163e5a0_0;
    %cmp/u;
    %jmp/0xz  T_2.2, 5;
    %pushi/vec4 0, 0, 1;
    %assign/vec4 v000002abf163edc0_0, 0;
    %pushi/vec4 1, 0, 1;
    %assign/vec4 v000002abf163cd70_0, 0;
    %pushi/vec4 0, 0, 1;
    %assign/vec4 v000002abf163ca50_0, 0;
    %jmp T_2.3;
T_2.2 ;
    %pushi/vec4 0, 0, 1;
    %assign/vec4 v000002abf163edc0_0, 0;
    %pushi/vec4 0, 0, 1;
    %assign/vec4 v000002abf163cd70_0, 0;
    %pushi/vec4 1, 0, 1;
    %assign/vec4 v000002abf163ca50_0, 0;
T_2.3 ;
T_2.1 ;
    %jmp T_2;
    .thread T_2, $push;
    .scope S_000002abf15cef40;
T_3 ;
    %wait E_000002abf15b7940;
    %load/vec4 v000002abf163c5f0_0;
    %flag_set/vec4 8;
    %jmp/0xz  T_3.0, 8;
    %load/vec4 v000002abf163ceb0_0;
    %assign/vec4 v000002abf163c9b0_0, 0;
    %jmp T_3.1;
T_3.0 ;
    %load/vec4 v000002abf163c4b0_0;
    %assign/vec4 v000002abf163c9b0_0, 0;
T_3.1 ;
    %jmp T_3;
    .thread T_3, $push;
    .scope S_000002abf15cf0d0;
T_4 ;
    %wait E_000002abf15b8180;
    %load/vec4 v000002abf163ccd0_0;
    %flag_set/vec4 8;
    %jmp/0xz  T_4.0, 8;
    %load/vec4 v000002abf163c870_0;
    %assign/vec4 v000002abf163cf50_0, 0;
    %jmp T_4.1;
T_4.0 ;
    %load/vec4 v000002abf163c550_0;
    %assign/vec4 v000002abf163cf50_0, 0;
T_4.1 ;
    %jmp T_4;
    .thread T_4, $push;
    .scope S_000002abf15c4160;
T_5 ;
    %wait E_000002abf15b7f40;
    %load/vec4 v000002abf163d600_0;
    %load/vec4 v000002abf163d100_0;
    %sub;
    %assign/vec4 v000002abf163dba0_0, 0;
    %jmp T_5;
    .thread T_5, $push;
    .scope S_000002abf15c97d0;
T_6 ;
    %wait E_000002abf15b8280;
    %load/vec4 v000002abf163c910_0;
    %flag_set/vec4 8;
    %jmp/0xz  T_6.0, 8;
    %load/vec4 v000002abf163c7d0_0;
    %assign/vec4 v000002abf163c690_0, 0;
    %jmp T_6.1;
T_6.0 ;
    %load/vec4 v000002abf163c730_0;
    %assign/vec4 v000002abf163c690_0, 0;
T_6.1 ;
    %jmp T_6;
    .thread T_6, $push;
    .scope S_000002abf15ce670;
T_7 ;
    %wait E_000002abf15b7dc0;
    %load/vec4 v000002abf163cff0_0;
    %dup/vec4;
    %pushi/vec4 0, 0, 3;
    %cmp/u;
    %jmp/1 T_7.0, 6;
    %dup/vec4;
    %pushi/vec4 1, 0, 3;
    %cmp/u;
    %jmp/1 T_7.1, 6;
    %dup/vec4;
    %pushi/vec4 2, 0, 3;
    %cmp/u;
    %jmp/1 T_7.2, 6;
    %dup/vec4;
    %pushi/vec4 3, 0, 3;
    %cmp/u;
    %jmp/1 T_7.3, 6;
    %dup/vec4;
    %pushi/vec4 4, 0, 3;
    %cmp/u;
    %jmp/1 T_7.4, 6;
    %dup/vec4;
    %pushi/vec4 5, 0, 3;
    %cmp/u;
    %jmp/1 T_7.5, 6;
    %pushi/vec4 0, 0, 3;
    %assign/vec4 v000002abf163cff0_0, 0;
    %jmp T_7.7;
T_7.0 ;
    %load/vec4 v000002abf163ce10_0;
    %flag_set/vec4 8;
    %jmp/0xz  T_7.8, 8;
    %pushi/vec4 1, 0, 3;
    %assign/vec4 v000002abf163cff0_0, 0;
T_7.8 ;
    %jmp T_7.7;
T_7.1 ;
    %pushi/vec4 2, 0, 3;
    %assign/vec4 v000002abf163cff0_0, 0;
    %jmp T_7.7;
T_7.2 ;
    %delay 2, 0;
    %load/vec4 v000002abf15bd530_0;
    %flag_set/vec4 8;
    %jmp/0xz  T_7.10, 8;
    %pushi/vec4 5, 0, 3;
    %assign/vec4 v000002abf163cff0_0, 0;
    %jmp T_7.11;
T_7.10 ;
    %load/vec4 v000002abf15bf1c0_0;
    %flag_set/vec4 8;
    %jmp/0xz  T_7.12, 8;
    %pushi/vec4 3, 0, 3;
    %assign/vec4 v000002abf163cff0_0, 0;
    %jmp T_7.13;
T_7.12 ;
    %load/vec4 v000002abf15bcc80_0;
    %flag_set/vec4 8;
    %jmp/0xz  T_7.14, 8;
    %pushi/vec4 4, 0, 3;
    %assign/vec4 v000002abf163cff0_0, 0;
T_7.14 ;
T_7.13 ;
T_7.11 ;
    %jmp T_7.7;
T_7.3 ;
    %delay 2, 0;
    %load/vec4 v000002abf15bd530_0;
    %flag_set/vec4 8;
    %jmp/0xz  T_7.16, 8;
    %pushi/vec4 5, 0, 3;
    %assign/vec4 v000002abf163cff0_0, 0;
    %jmp T_7.17;
T_7.16 ;
    %load/vec4 v000002abf15bf1c0_0;
    %flag_set/vec4 8;
    %jmp/0xz  T_7.18, 8;
    %pushi/vec4 3, 0, 3;
    %assign/vec4 v000002abf163cff0_0, 0;
    %jmp T_7.19;
T_7.18 ;
    %load/vec4 v000002abf15bcc80_0;
    %flag_set/vec4 8;
    %jmp/0xz  T_7.20, 8;
    %pushi/vec4 4, 0, 3;
    %assign/vec4 v000002abf163cff0_0, 0;
T_7.20 ;
T_7.19 ;
T_7.17 ;
    %jmp T_7.7;
T_7.4 ;
    %delay 2, 0;
    %load/vec4 v000002abf15bd530_0;
    %flag_set/vec4 8;
    %jmp/0xz  T_7.22, 8;
    %pushi/vec4 5, 0, 3;
    %assign/vec4 v000002abf163cff0_0, 0;
    %jmp T_7.23;
T_7.22 ;
    %load/vec4 v000002abf15bf1c0_0;
    %flag_set/vec4 8;
    %jmp/0xz  T_7.24, 8;
    %pushi/vec4 3, 0, 3;
    %assign/vec4 v000002abf163cff0_0, 0;
    %jmp T_7.25;
T_7.24 ;
    %load/vec4 v000002abf15bcc80_0;
    %flag_set/vec4 8;
    %jmp/0xz  T_7.26, 8;
    %pushi/vec4 4, 0, 3;
    %assign/vec4 v000002abf163cff0_0, 0;
T_7.26 ;
T_7.25 ;
T_7.23 ;
    %jmp T_7.7;
T_7.5 ;
    %pushi/vec4 5, 0, 3;
    %assign/vec4 v000002abf163cff0_0, 0;
    %jmp T_7.7;
T_7.7 ;
    %pop/vec4 1;
    %jmp T_7;
    .thread T_7;
    .scope S_000002abf15ce670;
T_8 ;
    %wait E_000002abf15b7dc0;
    %load/vec4 v000002abf163cff0_0;
    %dup/vec4;
    %pushi/vec4 0, 0, 3;
    %cmp/u;
    %jmp/1 T_8.0, 6;
    %dup/vec4;
    %pushi/vec4 1, 0, 3;
    %cmp/u;
    %jmp/1 T_8.1, 6;
    %dup/vec4;
    %pushi/vec4 2, 0, 3;
    %cmp/u;
    %jmp/1 T_8.2, 6;
    %dup/vec4;
    %pushi/vec4 3, 0, 3;
    %cmp/u;
    %jmp/1 T_8.3, 6;
    %dup/vec4;
    %pushi/vec4 4, 0, 3;
    %cmp/u;
    %jmp/1 T_8.4, 6;
    %dup/vec4;
    %pushi/vec4 5, 0, 3;
    %cmp/u;
    %jmp/1 T_8.5, 6;
    %pushi/vec4 0, 0, 1;
    %assign/vec4 v000002abf172a520_0, 0;
    %pushi/vec4 0, 0, 1;
    %assign/vec4 v000002abf15c1570_0, 0;
    %jmp T_8.7;
T_8.0 ;
    %pushi/vec4 1, 0, 1;
    %assign/vec4 v000002abf163c0f0_0, 0;
    %pushi/vec4 1, 0, 1;
    %assign/vec4 v000002abf172a520_0, 0;
    %pushi/vec4 0, 0, 1;
    %assign/vec4 v000002abf15c1570_0, 0;
    %pushi/vec4 0, 0, 1;
    %assign/vec4 v000002abf172e450_0, 0;
    %jmp T_8.7;
T_8.1 ;
    %pushi/vec4 1, 0, 1;
    %assign/vec4 v000002abf163c0f0_0, 0;
    %pushi/vec4 0, 0, 1;
    %assign/vec4 v000002abf172a520_0, 0;
    %pushi/vec4 1, 0, 1;
    %assign/vec4 v000002abf15c1570_0, 0;
    %pushi/vec4 0, 0, 1;
    %assign/vec4 v000002abf172e450_0, 0;
    %jmp T_8.7;
T_8.2 ;
    %load/vec4 v000002abf15bf1c0_0;
    %flag_set/vec4 8;
    %jmp/0xz  T_8.8, 8;
    %pushi/vec4 1, 0, 1;
    %assign/vec4 v000002abf172e4f0_0, 0;
    %pushi/vec4 0, 0, 1;
    %assign/vec4 v000002abf172e590_0, 0;
    %pushi/vec4 0, 0, 1;
    %assign/vec4 v000002abf163c0f0_0, 0;
    %delay 1, 0;
    %pushi/vec4 0, 0, 1;
    %assign/vec4 v000002abf172a520_0, 0;
    %pushi/vec4 1, 0, 1;
    %assign/vec4 v000002abf15c1570_0, 0;
    %jmp T_8.9;
T_8.8 ;
    %load/vec4 v000002abf15bd530_0;
    %flag_set/vec4 8;
    %jmp/0xz  T_8.10, 8;
    %pushi/vec4 1, 0, 1;
    %assign/vec4 v000002abf172e450_0, 0;
    %jmp T_8.11;
T_8.10 ;
    %load/vec4 v000002abf15bcc80_0;
    %flag_set/vec4 8;
    %jmp/0xz  T_8.12, 8;
    %pushi/vec4 0, 0, 1;
    %assign/vec4 v000002abf172e4f0_0, 0;
    %pushi/vec4 1, 0, 1;
    %assign/vec4 v000002abf172e590_0, 0;
    %pushi/vec4 0, 0, 1;
    %assign/vec4 v000002abf163c0f0_0, 0;
    %delay 1, 0;
    %pushi/vec4 1, 0, 1;
    %assign/vec4 v000002abf172a520_0, 0;
    %pushi/vec4 0, 0, 1;
    %assign/vec4 v000002abf15c1570_0, 0;
T_8.12 ;
T_8.11 ;
T_8.9 ;
    %jmp T_8.7;
T_8.3 ;
    %load/vec4 v000002abf15bf1c0_0;
    %flag_set/vec4 8;
    %jmp/0xz  T_8.14, 8;
    %pushi/vec4 1, 0, 1;
    %assign/vec4 v000002abf172e4f0_0, 0;
    %pushi/vec4 0, 0, 1;
    %assign/vec4 v000002abf172e590_0, 0;
    %pushi/vec4 0, 0, 1;
    %assign/vec4 v000002abf163c0f0_0, 0;
    %delay 1, 0;
    %pushi/vec4 0, 0, 1;
    %assign/vec4 v000002abf172a520_0, 0;
    %pushi/vec4 1, 0, 1;
    %assign/vec4 v000002abf15c1570_0, 0;
    %jmp T_8.15;
T_8.14 ;
    %load/vec4 v000002abf15bd530_0;
    %flag_set/vec4 8;
    %jmp/0xz  T_8.16, 8;
    %pushi/vec4 1, 0, 1;
    %assign/vec4 v000002abf172e450_0, 0;
    %jmp T_8.17;
T_8.16 ;
    %load/vec4 v000002abf15bcc80_0;
    %flag_set/vec4 8;
    %jmp/0xz  T_8.18, 8;
    %pushi/vec4 0, 0, 1;
    %assign/vec4 v000002abf172e4f0_0, 0;
    %pushi/vec4 1, 0, 1;
    %assign/vec4 v000002abf172e590_0, 0;
    %pushi/vec4 0, 0, 1;
    %assign/vec4 v000002abf163c0f0_0, 0;
    %delay 1, 0;
    %pushi/vec4 1, 0, 1;
    %assign/vec4 v000002abf172a520_0, 0;
    %pushi/vec4 0, 0, 1;
    %assign/vec4 v000002abf15c1570_0, 0;
T_8.18 ;
T_8.17 ;
T_8.15 ;
    %jmp T_8.7;
T_8.4 ;
    %load/vec4 v000002abf15bf1c0_0;
    %flag_set/vec4 8;
    %jmp/0xz  T_8.20, 8;
    %pushi/vec4 1, 0, 1;
    %assign/vec4 v000002abf172e4f0_0, 0;
    %pushi/vec4 0, 0, 1;
    %assign/vec4 v000002abf172e590_0, 0;
    %pushi/vec4 0, 0, 1;
    %assign/vec4 v000002abf163c0f0_0, 0;
    %delay 1, 0;
    %pushi/vec4 0, 0, 1;
    %assign/vec4 v000002abf172a520_0, 0;
    %pushi/vec4 1, 0, 1;
    %assign/vec4 v000002abf15c1570_0, 0;
    %jmp T_8.21;
T_8.20 ;
    %load/vec4 v000002abf15bd530_0;
    %flag_set/vec4 8;
    %jmp/0xz  T_8.22, 8;
    %pushi/vec4 1, 0, 1;
    %assign/vec4 v000002abf172e450_0, 0;
    %jmp T_8.23;
T_8.22 ;
    %load/vec4 v000002abf15bcc80_0;
    %flag_set/vec4 8;
    %jmp/0xz  T_8.24, 8;
    %pushi/vec4 0, 0, 1;
    %assign/vec4 v000002abf172e4f0_0, 0;
    %pushi/vec4 1, 0, 1;
    %assign/vec4 v000002abf172e590_0, 0;
    %pushi/vec4 0, 0, 1;
    %assign/vec4 v000002abf163c0f0_0, 0;
    %delay 1, 0;
    %pushi/vec4 1, 0, 1;
    %assign/vec4 v000002abf172a520_0, 0;
    %pushi/vec4 0, 0, 1;
    %assign/vec4 v000002abf15c1570_0, 0;
T_8.24 ;
T_8.23 ;
T_8.21 ;
    %jmp T_8.7;
T_8.5 ;
    %pushi/vec4 1, 0, 1;
    %assign/vec4 v000002abf172e450_0, 0;
    %pushi/vec4 0, 0, 1;
    %assign/vec4 v000002abf172e4f0_0, 0;
    %pushi/vec4 0, 0, 1;
    %assign/vec4 v000002abf172e590_0, 0;
    %pushi/vec4 0, 0, 1;
    %assign/vec4 v000002abf163c0f0_0, 0;
    %pushi/vec4 0, 0, 1;
    %assign/vec4 v000002abf172a520_0, 0;
    %pushi/vec4 0, 0, 1;
    %assign/vec4 v000002abf15c1570_0, 0;
    %jmp T_8.7;
T_8.7 ;
    %pop/vec4 1;
    %jmp T_8;
    .thread T_8;
    .scope S_000002abf172a390;
T_9 ;
    %pushi/vec4 0, 0, 1;
    %store/vec4 v000002abf163d380_0, 0, 1;
    %delay 2, 0;
    %pushi/vec4 1, 0, 1;
    %store/vec4 v000002abf163d6a0_0, 0, 1;
    %delay 1000, 0;
    %vpi_call 2 167 "$finish" {0 0 0};
    %end;
    .thread T_9;
    .scope S_000002abf172a390;
T_10 ;
    %wait E_000002abf15b7e40;
    %delay 5, 0;
    %load/vec4 v000002abf163d380_0;
    %inv;
    %store/vec4 v000002abf163d380_0, 0, 1;
    %jmp T_10;
    .thread T_10, $push;
    .scope S_000002abf172a390;
T_11 ;
    %delay 12, 0;
    %pushi/vec4 143, 0, 16;
    %store/vec4 v000002abf163d240_0, 0, 16;
    %delay 10, 0;
    %pushi/vec4 78, 0, 16;
    %store/vec4 v000002abf163d240_0, 0, 16;
    %end;
    .thread T_11;
    .scope S_000002abf172a390;
T_12 ;
    %vpi_call 2 180 "$monitor", $time, " %d , %b", v000002abf163e460_0, v000002abf163eb40_0 {0 0 0};
    %vpi_call 2 181 "$dumpfile", "gcd.vcd" {0 0 0};
    %vpi_call 2 182 "$dumpvars", 32'sb00000000000000000000000000000000, S_000002abf172a390 {0 0 0};
    %end;
    .thread T_12;
# The file index is used to find the file name in the following table.
:file_names 3;
    "N/A";
    "<interactive>";
    "GCD.v";
